app/build/intermediates/manifest_merge_blame_file/release/processReleaseMainManifest/manifest-merger-blame-release-report.txt
1<?xml version="1.0" encoding="utf-8"?>
2<manifest xmlns:android="http://schemas.android.com/apk/res/android"
3    package="com.khann.stemgame"
4    android:versionCode="3"
5    android:versionName="1.2" >
6
7    <uses-sdk
8        android:minSdkVersion="21"
9        android:targetSdkVersion="36" />
10
11    <uses-permission android:name="android.permission.INTERNET" />
11-->src\main\AndroidManifest.xml:5:5-67
11-->src\main\AndroidManifest.xml:5:22-64
12
13    <queries>
13-->src\main\AndroidManifest.xml:7:5-11:15
14        <intent>
14-->src\main\AndroidManifest.xml:8:9-10:18
15            <action android:name="android.support.customtabs.action.CustomTabsService" />
15-->src\main\AndroidManifest.xml:9:13-90
15-->src\main\AndroidManifest.xml:9:21-87
16        </intent>
17        <intent>
17-->[com.google.androidbrowserhelper:androidbrowserhelper:2.6.2] AndroidManifest.xml:23:9-29:18
18            <action android:name="android.intent.action.VIEW" />
18-->src\main\AndroidManifest.xml:48:17-69
18-->src\main\AndroidManifest.xml:48:25-66
19
20            <category android:name="android.intent.category.BROWSABLE" />
20-->src\main\AndroidManifest.xml:50:17-78
20-->src\main\AndroidManifest.xml:50:27-75
21
22            <data android:scheme="https" />
22-->src\main\AndroidManifest.xml:51:17-53:55
22-->src\main\AndroidManifest.xml:52:21-43
23        </intent>
24    </queries>
25
26    <permission
26-->[androidx.core:core:1.13.0] AndroidManifest.xml:22:5-24:47
27        android:name="com.khann.stemgame.DYNAMIC_RECEIVER_NOT_EXPORTED_PERMISSION"
27-->[androidx.core:core:1.13.0] AndroidManifest.xml:23:9-81
28        android:protectionLevel="signature" />
28-->[androidx.core:core:1.13.0] AndroidManifest.xml:24:9-44
29
30    <uses-permission android:name="com.khann.stemgame.DYNAMIC_RECEIVER_NOT_EXPORTED_PERMISSION" />
30-->[androidx.core:core:1.13.0] AndroidManifest.xml:26:5-97
30-->[androidx.core:core:1.13.0] AndroidManifest.xml:26:22-94
31
32    <application
32-->src\main\AndroidManifest.xml:13:5-66:19
33        android:allowBackup="true"
33-->src\main\AndroidManifest.xml:14:9-35
34        android:appComponentFactory="androidx.core.app.CoreComponentFactory"
34-->[androidx.core:core:1.13.0] AndroidManifest.xml:28:18-86
35        android:extractNativeLibs="true"
36        android:icon="@mipmap/ic_launcher"
36-->src\main\AndroidManifest.xml:15:9-43
37        android:label="@string/appName"
37-->src\main\AndroidManifest.xml:16:9-40
38        android:roundIcon="@mipmap/ic_launcher_round"
38-->src\main\AndroidManifest.xml:17:9-54
39        android:supportsRtl="true"
39-->src\main\AndroidManifest.xml:18:9-35
40        android:theme="@android:style/Theme.Translucent.NoTitleBar" >
40-->src\main\AndroidManifest.xml:19:9-68
41        <meta-data
41-->src\main\AndroidManifest.xml:21:9-23:58
42            android:name="asset_statements"
42-->src\main\AndroidManifest.xml:22:13-44
43            android:resource="@string/assetStatements" />
43-->src\main\AndroidManifest.xml:23:13-55
44
45        <activity
45-->src\main\AndroidManifest.xml:25:9-55:20
46            android:name="com.google.androidbrowserhelper.trusted.LauncherActivity"
46-->src\main\AndroidManifest.xml:26:13-84
47            android:exported="true"
47-->src\main\AndroidManifest.xml:28:13-36
48            android:label="@string/launcherName" >
48-->src\main\AndroidManifest.xml:27:13-49
49            <meta-data
49-->src\main\AndroidManifest.xml:30:13-32:53
50                android:name="android.support.customtabs.trusted.DEFAULT_URL"
50-->src\main\AndroidManifest.xml:31:17-78
51                android:value="@string/launchUrl" />
51-->src\main\AndroidManifest.xml:32:17-50
52            <meta-data
52-->src\main\AndroidManifest.xml:34:13-36:58
53                android:name="android.support.customtabs.trusted.STATUS_BAR_COLOR"
53-->src\main\AndroidManifest.xml:35:17-83
54                android:resource="@color/colorPrimary" />
54-->src\main\AndroidManifest.xml:36:17-55
55            <meta-data
55-->src\main\AndroidManifest.xml:38:13-40:61
56                android:name="android.support.customtabs.trusted.NAVIGATION_BAR_COLOR"
56-->src\main\AndroidManifest.xml:39:17-87
57                android:resource="@color/navigationColor" />
57-->src\main\AndroidManifest.xml:40:17-58
58
59            <intent-filter>
59-->src\main\AndroidManifest.xml:42:13-45:29
60                <action android:name="android.intent.action.MAIN" />
60-->src\main\AndroidManifest.xml:43:17-69
60-->src\main\AndroidManifest.xml:43:25-66
61
62                <category android:name="android.intent.category.LAUNCHER" />
62-->src\main\AndroidManifest.xml:44:17-77
62-->src\main\AndroidManifest.xml:44:27-74
63            </intent-filter>
64            <intent-filter android:autoVerify="true" >
64-->src\main\AndroidManifest.xml:47:13-54:29
64-->src\main\AndroidManifest.xml:47:28-53
65                <action android:name="android.intent.action.VIEW" />
65-->src\main\AndroidManifest.xml:48:17-69
65-->src\main\AndroidManifest.xml:48:25-66
66
67                <category android:name="android.intent.category.DEFAULT" />
67-->src\main\AndroidManifest.xml:49:17-76
67-->src\main\AndroidManifest.xml:49:27-73
68                <category android:name="android.intent.category.BROWSABLE" />
68-->src\main\AndroidManifest.xml:50:17-78
68-->src\main\AndroidManifest.xml:50:27-75
69
70                <data
70-->src\main\AndroidManifest.xml:51:17-53:55
71                    android:host="@string/hostName"
71-->src\main\AndroidManifest.xml:53:21-52
72                    android:scheme="https" />
72-->src\main\AndroidManifest.xml:52:21-43
73            </intent-filter>
74        </activity>
75
76        <provider
76-->src\main\AndroidManifest.xml:57:9-65:20
77            android:name="androidx.core.content.FileProvider"
77-->src\main\AndroidManifest.xml:58:13-62
78            android:authorities="@string/providerAuthority"
78-->src\main\AndroidManifest.xml:59:13-60
79            android:exported="false"
79-->src\main\AndroidManifest.xml:60:13-37
80            android:grantUriPermissions="true" >
80-->src\main\AndroidManifest.xml:61:13-47
81            <meta-data
81-->src\main\AndroidManifest.xml:62:13-64:53
82                android:name="android.support.FILE_PROVIDER_PATHS"
82-->src\main\AndroidManifest.xml:63:17-67
83                android:resource="@xml/filepaths" />
83-->src\main\AndroidManifest.xml:64:17-50
84        </provider>
85        <provider
85-->[androidx.emoji2:emoji2:1.3.0] AndroidManifest.xml:24:9-32:20
86            android:name="androidx.startup.InitializationProvider"
86-->[androidx.emoji2:emoji2:1.3.0] AndroidManifest.xml:25:13-67
87            android:authorities="com.khann.stemgame.androidx-startup"
87-->[androidx.emoji2:emoji2:1.3.0] AndroidManifest.xml:26:13-68
88            android:exported="false" >
88-->[androidx.emoji2:emoji2:1.3.0] AndroidManifest.xml:27:13-37
89            <meta-data
89-->[androidx.emoji2:emoji2:1.3.0] AndroidManifest.xml:29:13-31:52
90                android:name="androidx.emoji2.text.EmojiCompatInitializer"
90-->[androidx.emoji2:emoji2:1.3.0] AndroidManifest.xml:30:17-75
91                android:value="androidx.startup" />
91-->[androidx.emoji2:emoji2:1.3.0] AndroidManifest.xml:31:17-49
92            <meta-data
92-->[androidx.lifecycle:lifecycle-process:2.6.2] AndroidManifest.xml:29:13-31:52
93                android:name="androidx.lifecycle.ProcessLifecycleInitializer"
93-->[androidx.lifecycle:lifecycle-process:2.6.2] AndroidManifest.xml:30:17-78
94                android:value="androidx.startup" />
94-->[androidx.lifecycle:lifecycle-process:2.6.2] AndroidManifest.xml:31:17-49
95            <meta-data
95-->[androidx.profileinstaller:profileinstaller:1.3.1] AndroidManifest.xml:29:13-31:52
96                android:name="androidx.profileinstaller.ProfileInstallerInitializer"
96-->[androidx.profileinstaller:profileinstaller:1.3.1] AndroidManifest.xml:30:17-85
97                android:value="androidx.startup" />
97-->[androidx.profileinstaller:profileinstaller:1.3.1] AndroidManifest.xml:31:17-49
98        </provider>
99
100        <receiver
100-->[androidx.profileinstaller:profileinstaller:1.3.1] AndroidManifest.xml:34:9-52:20
101            android:name="androidx.profileinstaller.ProfileInstallReceiver"
101-->[androidx.profileinstaller:profileinstaller:1.3.1] AndroidManifest.xml:35:13-76
102            android:directBootAware="false"
102-->[androidx.profileinstaller:profileinstaller:1.3.1] AndroidManifest.xml:36:13-44
103            android:enabled="true"
103-->[androidx.profileinstaller:profileinstaller:1.3.1] AndroidManifest.xml:37:13-35
104            android:exported="true"
104-->[androidx.profileinstaller:profileinstaller:1.3.1] AndroidManifest.xml:38:13-36
105            android:permission="android.permission.DUMP" >
105-->[androidx.profileinstaller:profileinstaller:1.3.1] AndroidManifest.xml:39:13-57
106            <intent-filter>
106-->[androidx.profileinstaller:profileinstaller:1.3.1] AndroidManifest.xml:40:13-42:29
107                <action android:name="androidx.profileinstaller.action.INSTALL_PROFILE" />
107-->[androidx.profileinstaller:profileinstaller:1.3.1] AndroidManifest.xml:41:17-91
107-->[androidx.profileinstaller:profileinstaller:1.3.1] AndroidManifest.xml:41:25-88
108            </intent-filter>
109            <intent-filter>
109-->[androidx.profileinstaller:profileinstaller:1.3.1] AndroidManifest.xml:43:13-45:29
110                <action android:name="androidx.profileinstaller.action.SKIP_FILE" />
110-->[androidx.profileinstaller:profileinstaller:1.3.1] AndroidManifest.xml:44:17-85
110-->[androidx.profileinstaller:profileinstaller:1.3.1] AndroidManifest.xml:44:25-82
111            </intent-filter>
112            <intent-filter>
112-->[androidx.profileinstaller:profileinstaller:1.3.1] AndroidManifest.xml:46:13-48:29
113                <action android:name="androidx.profileinstaller.action.SAVE_PROFILE" />
113-->[androidx.profileinstaller:profileinstaller:1.3.1] AndroidManifest.xml:47:17-88
113-->[androidx.profileinstaller:profileinstaller:1.3.1] AndroidManifest.xml:47:25-85
114            </intent-filter>
115            <intent-filter>
115-->[androidx.profileinstaller:profileinstaller:1.3.1] AndroidManifest.xml:49:13-51:29
116                <action android:name="androidx.profileinstaller.action.BENCHMARK_OPERATION" />
116-->[androidx.profileinstaller:profileinstaller:1.3.1] AndroidManifest.xml:50:17-95
116-->[androidx.profileinstaller:profileinstaller:1.3.1] AndroidManifest.xml:50:25-92
117            </intent-filter>
118        </receiver>
119    </application>
120
121</manifest>